# JRE version: Java(TM) SE Runtime Environment (16.0.1+9) (build 16.0.1+9-24)
# Java VM: Java HotSpot(TM) 64-Bit Server VM (16.0.1+9-24, mixed mode, sharing, tiered, compressed oops, compressed class ptrs, g1 gc, windows-amd64)
GC Precious Log:
 CPUs: 8 total, 8 available
 Memory: 8013M
 Large Page Support: Disabled
 NUMA Support: Disabled
 Compressed Oops: Enabled (32-bit)
 Heap Region Size: 1M
 Heap Min Capacity: 8M
 Heap Initial Capacity: 126M
 Heap Max Capacity: 2004M
 Pre-touch: Disabled
 Parallel Workers: 8
 Concurrent Workers: 2
 Concurrent Refinement Workers: 8
 Periodic GC: Disabled
Heap:
 garbage-first heap   total 45056K, used 33621K [0x0000000082c00000, 0x0000000100000000)
  region size 1024K, 16 young (16384K), 1 survivors (1024K)
 Metaspace       used 26197K, committed 26496K, reserved 1073152K
  class space    used 2659K, committed 2816K, reserved 1048576K
GC Heap History (20 events):
Event: 8.635 GC heap before
{Heap before GC invocations=0 (full 0):
 garbage-first heap   total 129024K, used 26624K [0x0000000082c00000, 0x0000000100000000)
  region size 1024K, 23 young (23552K), 0 survivors (0K)
 Metaspace       used 16302K, committed 16576K, reserved 1064960K
  class space    used 1924K, committed 2048K, reserved 1048576K
}
Event: 8.647 GC heap after
{Heap after GC invocations=1 (full 0):
 garbage-first heap   total 129024K, used 7992K [0x0000000082c00000, 0x0000000100000000)
  region size 1024K, 3 young (3072K), 3 survivors (3072K)
 Metaspace       used 16302K, committed 16576K, reserved 1064960K
  class space    used 1924K, committed 2048K, reserved 1048576K
}
Event: 10.820 GC heap before
{Heap before GC invocations=1 (full 0):
 garbage-first heap   total 129024K, used 30520K [0x0000000082c00000, 0x0000000100000000)
  region size 1024K, 26 young (26624K), 3 survivors (3072K)
 Metaspace       used 21069K, committed 21248K, reserved 1073152K
  class space    used 2210K, committed 2304K, reserved 1048576K
}
Event: 10.830 GC heap after
{Heap after GC invocations=2 (full 0):
 garbage-first heap   total 129024K, used 10252K [0x0000000082c00000, 0x0000000100000000)
  region size 1024K, 3 young (3072K), 3 survivors (3072K)
 Metaspace       used 21069K, committed 21248K, reserved 1073152K
  class space    used 2210K, committed 2304K, reserved 1048576K
}
Event: 131.824 GC heap before
{Heap before GC invocations=3 (full 0):
 garbage-first heap   total 40960K, used 39948K [0x0000000082c00000, 0x0000000100000000)
  region size 1024K, 25 young (25600K), 3 survivors (3072K)
 Metaspace       used 24988K, committed 25152K, reserved 1073152K
  class space    used 2529K, committed 2624K, reserved 1048576K
}
Event: 131.836 GC heap after
{Heap after GC invocations=4 (full 0):
 garbage-first heap   total 45056K, used 18712K [0x0000000082c00000, 0x0000000100000000)
  region size 1024K, 4 young (4096K), 4 survivors (4096K)
 Metaspace       used 24988K, committed 25152K, reserved 1073152K
  class space    used 2529K, committed 2624K, reserved 1048576K
}
Event: 216.579 GC heap before
{Heap before GC invocations=4 (full 0):
 garbage-first heap   total 45056K, used 31000K [0x0000000082c00000, 0x0000000100000000)
  region size 1024K, 16 young (16384K), 4 survivors (4096K)
 Metaspace       used 25068K, committed 25280K, reserved 1073152K
  class space    used 2529K, committed 2624K, reserved 1048576K
}
Event: 216.584 GC heap after
{Heap after GC invocations=5 (full 0):
 garbage-first heap   total 45056K, used 18719K [0x0000000082c00000, 0x0000000100000000)
  region size 1024K, 1 young (1024K), 1 survivors (1024K)
 Metaspace       used 25068K, committed 25280K, reserved 1073152K
  class space    used 2529K, committed 2624K, reserved 1048576K
}
Event: 321.802 GC heap before
{Heap before GC invocations=5 (full 0):
 garbage-first heap   total 45056K, used 32031K [0x0000000082c00000, 0x0000000100000000)
  region size 1024K, 14 young (14336K), 1 survivors (1024K)
 Metaspace       used 25844K, committed 26112K, reserved 1073152K
  class space    used 2651K, committed 2816K, reserved 1048576K
}
Event: 321.805 GC heap after
{Heap after GC invocations=6 (full 0):
 garbage-first heap   total 45056K, used 19013K [0x0000000082c00000, 0x0000000100000000)
  region size 1024K, 1 young (1024K), 1 survivors (1024K)
 Metaspace       used 25844K, committed 26112K, reserved 1073152K
  class space    used 2651K, committed 2816K, reserved 1048576K
}
Event: 434.158 GC heap before
{Heap before GC invocations=6 (full 0):
 garbage-first heap   total 45056K, used 33349K [0x0000000082c00000, 0x0000000100000000)
  region size 1024K, 15 young (15360K), 1 survivors (1024K)
 Metaspace       used 26029K, committed 26304K, reserved 1073152K
  class space    used 2658K, committed 2816K, reserved 1048576K
}
Event: 434.160 GC heap after
{Heap after GC invocations=7 (full 0):
 garbage-first heap   total 45056K, used 19262K [0x0000000082c00000, 0x0000000100000000)
  region size 1024K, 1 young (1024K), 1 survivors (1024K)
 Metaspace       used 26029K, committed 26304K, reserved 1073152K
  class space    used 2658K, committed 2816K, reserved 1048576K
}
Event: 568.842 GC heap before
{Heap before GC invocations=7 (full 0):
 garbage-first heap   total 45056K, used 33598K [0x0000000082c00000, 0x0000000100000000)
  region size 1024K, 15 young (15360K), 1 survivors (1024K)
 Metaspace       used 26180K, committed 26496K, reserved 1073152K
  class space    used 2659K, committed 2816K, reserved 1048576K
}
Event: 568.846 GC heap after
{Heap after GC invocations=8 (full 0):
 garbage-first heap   total 45056K, used 19234K [0x0000000082c00000, 0x0000000100000000)
  region size 1024K, 1 young (1024K), 1 survivors (1024K)
 Metaspace       used 26180K, committed 26496K, reserved 1073152K
  class space    used 2659K, committed 2816K, reserved 1048576K
}
Event: 756.166 GC heap before
{Heap before GC invocations=8 (full 0):
 garbage-first heap   total 45056K, used 34594K [0x0000000082c00000, 0x0000000100000000)
  region size 1024K, 16 young (16384K), 1 survivors (1024K)
 Metaspace       used 26181K, committed 26496K, reserved 1073152K
  class space    used 2659K, committed 2816K, reserved 1048576K
}
Event: 756.169 GC heap after
{Heap after GC invocations=9 (full 0):
 garbage-first heap   total 45056K, used 19237K [0x0000000082c00000, 0x0000000100000000)
  region size 1024K, 1 young (1024K), 1 survivors (1024K)
 Metaspace       used 26181K, committed 26496K, reserved 1073152K
  class space    used 2659K, committed 2816K, reserved 1048576K
}
Event: 975.609 GC heap before
{Heap before GC invocations=9 (full 0):
 garbage-first heap   total 45056K, used 35621K [0x0000000082c00000, 0x0000000100000000)
  region size 1024K, 17 young (17408K), 1 survivors (1024K)
 Metaspace       used 26184K, committed 26496K, reserved 1073152K
  class space    used 2659K, committed 2816K, reserved 1048576K
}
Event: 975.611 GC heap after
{Heap after GC invocations=10 (full 0):
 garbage-first heap   total 45056K, used 19292K [0x0000000082c00000, 0x0000000100000000)
  region size 1024K, 1 young (1024K), 1 survivors (1024K)
 Metaspace       used 26184K, committed 26496K, reserved 1073152K
  class space    used 2659K, committed 2816K, reserved 1048576K
}
Event: 1198.253 GC heap before
{Heap before GC invocations=10 (full 0):
 garbage-first heap   total 45056K, used 35676K [0x0000000082c00000, 0x0000000100000000)
  region size 1024K, 17 young (17408K), 1 survivors (1024K)
 Metaspace       used 26184K, committed 26496K, reserved 1073152K
  class space    used 2659K, committed 2816K, reserved 1048576K
}
Event: 1198.255 GC heap after
{Heap after GC invocations=11 (full 0):
 garbage-first heap   total 45056K, used 19285K [0x0000000082c00000, 0x0000000100000000)
  region size 1024K, 1 young (1024K), 1 survivors (1024K)
 Metaspace       used 26184K, committed 26496K, reserved 1073152K
  class space    used 2659K, committed 2816K, reserved 1048576K
}

